# JRE version: OpenJDK Runtime Environment AdoptOpenJDK (14.0.2+12) (build 14.0.2+12)
# Java VM: OpenJDK 64-Bit Server VM AdoptOpenJDK (14.0.2+12, mixed mode, sharing, tiered, compressed oops, g1 gc, windows-amd64)
Heap:
 garbage-first heap   total 48128K, used 39111K [0x0000000081400000, 0x0000000100000000)
  region size 1024K, 21 young (21504K), 2 survivors (2048K)
 Metaspace       used 27509K, capacity 29312K, committed 29488K, reserved 1073152K
  class space    used 4250K, capacity 4923K, committed 4992K, reserved 1048576K
GC Heap History (10 events):
Event: 1.358 GC heap before
{Heap before GC invocations=0 (full 0):
 garbage-first heap   total 131072K, used 12288K [0x0000000081400000, 0x0000000100000000)
  region size 1024K, 13 young (13312K), 0 survivors (0K)
 Metaspace       used 3674K, capacity 6816K, committed 7168K, reserved 1056768K
  class space    used 322K, capacity 668K, committed 768K, reserved 1048576K
}
Event: 1.362 GC heap after
{Heap after GC invocations=1 (full 0):
 garbage-first heap   total 131072K, used 2347K [0x0000000081400000, 0x0000000100000000)
  region size 1024K, 2 young (2048K), 2 survivors (2048K)
 Metaspace       used 3674K, capacity 6816K, committed 7168K, reserved 1056768K
  class space    used 322K, capacity 668K, committed 768K, reserved 1048576K
}
Event: 1.918 GC heap before
{Heap before GC invocations=1 (full 0):
 garbage-first heap   total 131072K, used 19755K [0x0000000081400000, 0x0000000100000000)
  region size 1024K, 18 young (18432K), 2 survivors (2048K)
 Metaspace       used 8221K, capacity 10174K, committed 10496K, reserved 1058816K
  class space    used 862K, capacity 1195K, committed 1280K, reserved 1048576K
}
Event: 1.925 GC heap after
{Heap after GC invocations=2 (full 0):
 garbage-first heap   total 131072K, used 4289K [0x0000000081400000, 0x0000000100000000)
  region size 1024K, 1 young (1024K), 1 survivors (1024K)
 Metaspace       used 8221K, capacity 10174K, committed 10496K, reserved 1058816K
  class space    used 862K, capacity 1195K, committed 1280K, reserved 1048576K
}
Event: 6.539 GC heap before
{Heap before GC invocations=2 (full 0):
 garbage-first heap   total 131072K, used 64705K [0x0000000081400000, 0x0000000100000000)
  region size 1024K, 57 young (58368K), 1 survivors (1024K)
 Metaspace       used 19739K, capacity 21178K, committed 21296K, reserved 1067008K
  class space    used 2894K, capacity 3425K, committed 3456K, reserved 1048576K
}
Event: 6.557 GC heap after
{Heap after GC invocations=3 (full 0):
 garbage-first heap   total 131072K, used 12042K [0x0000000081400000, 0x0000000100000000)
  region size 1024K, 9 young (9216K), 9 survivors (9216K)
 Metaspace       used 19739K, capacity 21178K, committed 21296K, reserved 1067008K
  class space    used 2894K, capacity 3425K, committed 3456K, reserved 1048576K
}
Event: 7.289 GC heap before
{Heap before GC invocations=4 (full 0):
 garbage-first heap   total 48128K, used 31498K [0x0000000081400000, 0x0000000100000000)
  region size 1024K, 28 young (28672K), 9 survivors (9216K)
 Metaspace       used 24677K, capacity 26332K, committed 26544K, reserved 1071104K
  class space    used 3708K, capacity 4337K, committed 4352K, reserved 1048576K
}
Event: 7.318 GC heap after
{Heap after GC invocations=5 (full 0):
 garbage-first heap   total 48128K, used 14543K [0x0000000081400000, 0x0000000100000000)
  region size 1024K, 3 young (3072K), 3 survivors (3072K)
 Metaspace       used 24677K, capacity 26332K, committed 26544K, reserved 1071104K
  class space    used 3708K, capacity 4337K, committed 4352K, reserved 1048576K
}
Event: 7.846 GC heap before
{Heap before GC invocations=5 (full 0):
 garbage-first heap   total 48128K, used 32975K [0x0000000081400000, 0x0000000100000000)
  region size 1024K, 22 young (22528K), 3 survivors (3072K)
 Metaspace       used 25608K, capacity 27390K, committed 27696K, reserved 1073152K
  class space    used 3785K, capacity 4426K, committed 4480K, reserved 1048576K
}
Event: 7.858 GC heap after
{Heap after GC invocations=6 (full 0):
 garbage-first heap   total 48128K, used 16583K [0x0000000081400000, 0x0000000100000000)
  region size 1024K, 2 young (2048K), 2 survivors (2048K)
 Metaspace       used 25608K, capacity 27390K, committed 27696K, reserved 1073152K
  class space    used 3785K, capacity 4426K, committed 4480K, reserved 1048576K
}

