# JRE version: OpenJDK Runtime Environment AdoptOpenJDK (14.0.2+12) (build 14.0.2+12)
# Java VM: OpenJDK 64-Bit Server VM AdoptOpenJDK (14.0.2+12, mixed mode, sharing, tiered, compressed oops, g1 gc, windows-amd64)
Heap:
 garbage-first heap   total 51200K, used 29835K [0x0000000081400000, 0x0000000100000000)
  region size 1024K, 2 young (2048K), 1 survivors (1024K)
 Metaspace       used 27763K, capacity 29465K, committed 29616K, reserved 1073152K
  class space    used 4339K, capacity 5082K, committed 5120K, reserved 1048576K
GC Heap History (20 events):
Event: 0.978 GC heap before
{Heap before GC invocations=0 (full 0):
 garbage-first heap   total 131072K, used 12288K [0x0000000081400000, 0x0000000100000000)
  region size 1024K, 13 young (13312K), 0 survivors (0K)
 Metaspace       used 3714K, capacity 6816K, committed 7168K, reserved 1056768K
  class space    used 322K, capacity 668K, committed 768K, reserved 1048576K
}
Event: 0.982 GC heap after
{Heap after GC invocations=1 (full 0):
 garbage-first heap   total 131072K, used 2891K [0x0000000081400000, 0x0000000100000000)
  region size 1024K, 2 young (2048K), 2 survivors (2048K)
 Metaspace       used 3714K, capacity 6816K, committed 7168K, reserved 1056768K
  class space    used 322K, capacity 668K, committed 768K, reserved 1048576K
}
Event: 1.536 GC heap before
{Heap before GC invocations=1 (full 0):
 garbage-first heap   total 131072K, used 20299K [0x0000000081400000, 0x0000000100000000)
  region size 1024K, 18 young (18432K), 2 survivors (2048K)
 Metaspace       used 8223K, capacity 10174K, committed 10496K, reserved 1058816K
  class space    used 862K, capacity 1195K, committed 1280K, reserved 1048576K
}
Event: 1.541 GC heap after
{Heap after GC invocations=2 (full 0):
 garbage-first heap   total 131072K, used 4251K [0x0000000081400000, 0x0000000100000000)
  region size 1024K, 3 young (3072K), 3 survivors (3072K)
 Metaspace       used 8223K, capacity 10174K, committed 10496K, reserved 1058816K
  class space    used 862K, capacity 1195K, committed 1280K, reserved 1048576K
}
Event: 7.010 GC heap before
{Heap before GC invocations=2 (full 0):
 garbage-first heap   total 131072K, used 64667K [0x0000000081400000, 0x0000000100000000)
  region size 1024K, 59 young (60416K), 3 survivors (3072K)
 Metaspace       used 19729K, capacity 21179K, committed 21296K, reserved 1067008K
  class space    used 2894K, capacity 3426K, committed 3456K, reserved 1048576K
}
Event: 7.032 GC heap after
{Heap after GC invocations=3 (full 0):
 garbage-first heap   total 131072K, used 12107K [0x0000000081400000, 0x0000000100000000)
  region size 1024K, 10 young (10240K), 10 survivors (10240K)
 Metaspace       used 19729K, capacity 21179K, committed 21296K, reserved 1067008K
  class space    used 2894K, capacity 3426K, committed 3456K, reserved 1048576K
}
Event: 7.761 GC heap before
{Heap before GC invocations=4 (full 0):
 garbage-first heap   total 40960K, used 26443K [0x0000000081400000, 0x0000000100000000)
  region size 1024K, 24 young (24576K), 10 survivors (10240K)
 Metaspace       used 22964K, capacity 24833K, committed 25008K, reserved 1069056K
  class space    used 3846K, capacity 4536K, committed 4608K, reserved 1048576K
}
Event: 7.788 GC heap after
{Heap after GC invocations=5 (full 0):
 garbage-first heap   total 40960K, used 15197K [0x0000000081400000, 0x0000000100000000)
  region size 1024K, 3 young (3072K), 3 survivors (3072K)
 Metaspace       used 22964K, capacity 24833K, committed 25008K, reserved 1069056K
  class space    used 3846K, capacity 4536K, committed 4608K, reserved 1048576K
}
Event: 9.591 GC heap before
{Heap before GC invocations=5 (full 0):
 garbage-first heap   total 40960K, used 33629K [0x0000000081400000, 0x0000000100000000)
  region size 1024K, 16 young (16384K), 3 survivors (3072K)
 Metaspace       used 23502K, capacity 25279K, committed 25520K, reserved 1071104K
  class space    used 3911K, capacity 4575K, committed 4608K, reserved 1048576K
}
Event: 9.606 GC heap after
{Heap after GC invocations=6 (full 0):
 garbage-first heap   total 40960K, used 17227K [0x0000000081400000, 0x0000000100000000)
  region size 1024K, 2 young (2048K), 2 survivors (2048K)
 Metaspace       used 23502K, capacity 25279K, committed 25520K, reserved 1071104K
  class space    used 3911K, capacity 4575K, committed 4608K, reserved 1048576K
}
Event: 10.548 GC heap before
{Heap before GC invocations=6 (full 0):
 garbage-first heap   total 40960K, used 31563K [0x0000000081400000, 0x0000000100000000)
  region size 1024K, 15 young (15360K), 2 survivors (2048K)
 Metaspace       used 24076K, capacity 25784K, committed 25904K, reserved 1071104K
  class space    used 3973K, capacity 4652K, committed 4736K, reserved 1048576K
}
Event: 10.557 GC heap after
{Heap after GC invocations=7 (full 0):
 garbage-first heap   total 40960K, used 18384K [0x0000000081400000, 0x0000000100000000)
  region size 1024K, 2 young (2048K), 2 survivors (2048K)
 Metaspace       used 24076K, capacity 25784K, committed 25904K, reserved 1071104K
  class space    used 3973K, capacity 4652K, committed 4736K, reserved 1048576K
}
Event: 11.015 GC heap before
{Heap before GC invocations=7 (full 0):
 garbage-first heap   total 40960K, used 28624K [0x0000000081400000, 0x0000000100000000)
  region size 1024K, 13 young (13312K), 2 survivors (2048K)
 Metaspace       used 26673K, capacity 28276K, committed 28464K, reserved 1073152K
  class space    used 4248K, capacity 4957K, committed 4992K, reserved 1048576K
}
Event: 11.023 GC heap after
{Heap after GC invocations=8 (full 0):
 garbage-first heap   total 40960K, used 19275K [0x0000000081400000, 0x0000000100000000)
  region size 1024K, 1 young (1024K), 1 survivors (1024K)
 Metaspace       used 26673K, capacity 28276K, committed 28464K, reserved 1073152K
  class space    used 4248K, capacity 4957K, committed 4992K, reserved 1048576K
}
Event: 11.534 GC heap before
{Heap before GC invocations=8 (full 0):
 garbage-first heap   total 40960K, used 31563K [0x0000000081400000, 0x0000000100000000)
  region size 1024K, 13 young (13312K), 1 survivors (1024K)
 Metaspace       used 27644K, capacity 29349K, committed 29616K, reserved 1073152K
  class space    used 4335K, capacity 5044K, committed 5120K, reserved 1048576K
}
Event: 11.560 GC heap after
{Heap after GC invocations=9 (full 0):
 garbage-first heap   total 40960K, used 25069K [0x0000000081400000, 0x0000000100000000)
  region size 1024K, 2 young (2048K), 2 survivors (2048K)
 Metaspace       used 27644K, capacity 29349K, committed 29616K, reserved 1073152K
  class space    used 4335K, capacity 5044K, committed 5120K, reserved 1048576K
}
Event: 11.772 GC heap before
{Heap before GC invocations=9 (full 0):
 garbage-first heap   total 40960K, used 30189K [0x0000000081400000, 0x0000000100000000)
  region size 1024K, 7 young (7168K), 2 survivors (2048K)
 Metaspace       used 27656K, capacity 29354K, committed 29616K, reserved 1073152K
  class space    used 4335K, capacity 5045K, committed 5120K, reserved 1048576K
}
Event: 11.808 GC heap after
{Heap after GC invocations=10 (full 0):
 garbage-first heap   total 49152K, used 28491K [0x0000000081400000, 0x0000000100000000)
  region size 1024K, 1 young (1024K), 1 survivors (1024K)
 Metaspace       used 27656K, capacity 29354K, committed 29616K, reserved 1073152K
  class space    used 4335K, capacity 5045K, committed 5120K, reserved 1048576K
}
Event: 12.087 GC heap before
{Heap before GC invocations=11 (full 0):
 garbage-first heap   total 51200K, used 32587K [0x0000000081400000, 0x0000000100000000)
  region size 1024K, 6 young (6144K), 1 survivors (1024K)
 Metaspace       used 27763K, capacity 29465K, committed 29616K, reserved 1073152K
  class space    used 4339K, capacity 5082K, committed 5120K, reserved 1048576K
}
Event: 12.108 GC heap after
{Heap after GC invocations=12 (full 0):
 garbage-first heap   total 51200K, used 29835K [0x0000000081400000, 0x0000000100000000)
  region size 1024K, 1 young (1024K), 1 survivors (1024K)
 Metaspace       used 27763K, capacity 29465K, committed 29616K, reserved 1073152K
  class space    used 4339K, capacity 5082K, committed 5120K, reserved 1048576K
}

