# JRE version: OpenJDK Runtime Environment AdoptOpenJDK (14.0.2+12) (build 14.0.2+12)
# Java VM: OpenJDK 64-Bit Server VM AdoptOpenJDK (14.0.2+12, mixed mode, sharing, tiered, compressed oops, g1 gc, windows-amd64)
Heap:
 garbage-first heap   total 99328K, used 65746K [0x0000000081400000, 0x0000000100000000)
  region size 1024K, 32 young (32768K), 4 survivors (4096K)
 Metaspace       used 29798K, capacity 31232K, committed 31484K, reserved 1075200K
  class space    used 4278K, capacity 4898K, committed 4940K, reserved 1048576K
GC Heap History (16 events):
Event: 0.604 GC heap before
{Heap before GC invocations=0 (full 0):
 garbage-first heap   total 131072K, used 13312K [0x0000000081400000, 0x0000000100000000)
  region size 1024K, 13 young (13312K), 0 survivors (0K)
 Metaspace       used 2392K, capacity 5233K, committed 5376K, reserved 1056768K
  class space    used 185K, capacity 493K, committed 512K, reserved 1048576K
}
Event: 0.610 GC heap after
{Heap after GC invocations=1 (full 0):
 garbage-first heap   total 131072K, used 3453K [0x0000000081400000, 0x0000000100000000)
  region size 1024K, 2 young (2048K), 2 survivors (2048K)
 Metaspace       used 2392K, capacity 5233K, committed 5376K, reserved 1056768K
  class space    used 185K, capacity 493K, committed 512K, reserved 1048576K
}
Event: 1.119 GC heap before
{Heap before GC invocations=1 (full 0):
 garbage-first heap   total 131072K, used 14717K [0x0000000081400000, 0x0000000100000000)
  region size 1024K, 14 young (14336K), 2 survivors (2048K)
 Metaspace       used 3667K, capacity 6101K, committed 6272K, reserved 1056768K
  class space    used 278K, capacity 552K, committed 640K, reserved 1048576K
}
Event: 1.125 GC heap after
{Heap after GC invocations=2 (full 0):
 garbage-first heap   total 131072K, used 4519K [0x0000000081400000, 0x0000000100000000)
  region size 1024K, 1 young (1024K), 1 survivors (1024K)
 Metaspace       used 3667K, capacity 6101K, committed 6272K, reserved 1056768K
  class space    used 278K, capacity 552K, committed 640K, reserved 1048576K
}
Event: 1.904 GC heap before
{Heap before GC invocations=2 (full 0):
 garbage-first heap   total 131072K, used 27047K [0x0000000081400000, 0x0000000100000000)
  region size 1024K, 24 young (24576K), 1 survivors (1024K)
 Metaspace       used 6423K, capacity 7918K, committed 8064K, reserved 1056768K
  class space    used 593K, capacity 858K, committed 896K, reserved 1048576K
}
Event: 1.909 GC heap after
{Heap after GC invocations=3 (full 0):
 garbage-first heap   total 131072K, used 6672K [0x0000000081400000, 0x0000000100000000)
  region size 1024K, 3 young (3072K), 3 survivors (3072K)
 Metaspace       used 6423K, capacity 7918K, committed 8064K, reserved 1056768K
  class space    used 593K, capacity 858K, committed 896K, reserved 1048576K
}
Event: 3.625 GC heap before
{Heap before GC invocations=3 (full 0):
 garbage-first heap   total 131072K, used 82448K [0x0000000081400000, 0x0000000100000000)
  region size 1024K, 76 young (77824K), 3 survivors (3072K)
 Metaspace       used 14875K, capacity 15345K, committed 15488K, reserved 1062912K
  class space    used 1632K, capacity 1906K, committed 1920K, reserved 1048576K
}
Event: 3.644 GC heap after
{Heap after GC invocations=4 (full 0):
 garbage-first heap   total 131072K, used 17026K [0x0000000081400000, 0x0000000100000000)
  region size 1024K, 10 young (10240K), 10 survivors (10240K)
 Metaspace       used 14875K, capacity 15345K, committed 15488K, reserved 1062912K
  class space    used 1632K, capacity 1906K, committed 1920K, reserved 1048576K
}
Event: 8.683 GC heap before
{Heap before GC invocations=4 (full 0):
 garbage-first heap   total 131072K, used 88706K [0x0000000081400000, 0x0000000100000000)
  region size 1024K, 76 young (77824K), 10 survivors (10240K)
 Metaspace       used 20294K, capacity 21143K, committed 21296K, reserved 1067008K
  class space    used 2702K, capacity 3153K, committed 3200K, reserved 1048576K
}
Event: 8.707 GC heap after
{Heap after GC invocations=5 (full 0):
 garbage-first heap   total 157696K, used 24353K [0x0000000081400000, 0x0000000100000000)
  region size 1024K, 7 young (7168K), 7 survivors (7168K)
 Metaspace       used 20294K, capacity 21143K, committed 21296K, reserved 1067008K
  class space    used 2702K, capacity 3153K, committed 3200K, reserved 1048576K
}
Event: 8.763 GC heap before
{Heap before GC invocations=5 (full 0):
 garbage-first heap   total 157696K, used 26401K [0x0000000081400000, 0x0000000100000000)
  region size 1024K, 10 young (10240K), 7 survivors (7168K)
 Metaspace       used 20341K, capacity 21143K, committed 21296K, reserved 1067008K
  class space    used 2702K, capacity 3153K, committed 3200K, reserved 1048576K
}
Event: 8.772 GC heap after
{Heap after GC invocations=6 (full 0):
 garbage-first heap   total 157696K, used 23360K [0x0000000081400000, 0x0000000100000000)
  region size 1024K, 6 young (6144K), 6 survivors (6144K)
 Metaspace       used 20341K, capacity 21143K, committed 21296K, reserved 1067008K
  class space    used 2702K, capacity 3153K, committed 3200K, reserved 1048576K
}
Event: 9.891 GC heap before
{Heap before GC invocations=7 (full 0):
 garbage-first heap   total 86016K, used 85824K [0x0000000081400000, 0x0000000100000000)
  region size 1024K, 67 young (68608K), 6 survivors (6144K)
 Metaspace       used 25484K, capacity 26496K, committed 26748K, reserved 1071104K
  class space    used 3661K, capacity 4239K, committed 4300K, reserved 1048576K
}
Event: 9.912 GC heap after
{Heap after GC invocations=8 (full 0):
 garbage-first heap   total 99328K, used 30032K [0x0000000081400000, 0x0000000100000000)
  region size 1024K, 12 young (12288K), 12 survivors (12288K)
 Metaspace       used 25484K, capacity 26496K, committed 26748K, reserved 1071104K
  class space    used 3661K, capacity 4239K, committed 4300K, reserved 1048576K
}
Event: 12.100 GC heap before
{Heap before GC invocations=8 (full 0):
 garbage-first heap   total 99328K, used 73040K [0x0000000081400000, 0x0000000100000000)
  region size 1024K, 54 young (55296K), 12 survivors (12288K)
 Metaspace       used 27789K, capacity 29049K, committed 29180K, reserved 1075200K
  class space    used 3813K, capacity 4398K, committed 4428K, reserved 1048576K
}
Event: 12.129 GC heap after
{Heap after GC invocations=9 (full 0):
 garbage-first heap   total 99328K, used 34002K [0x0000000081400000, 0x0000000100000000)
  region size 1024K, 4 young (4096K), 4 survivors (4096K)
 Metaspace       used 27789K, capacity 29049K, committed 29180K, reserved 1075200K
  class space    used 3813K, capacity 4398K, committed 4428K, reserved 1048576K
}

