# JRE version: OpenJDK Runtime Environment AdoptOpenJDK (14.0.2+12) (build 14.0.2+12)
# Java VM: OpenJDK 64-Bit Server VM AdoptOpenJDK (14.0.2+12, mixed mode, sharing, tiered, compressed oops, g1 gc, windows-amd64)
Heap:
 garbage-first heap   total 59392K, used 32128K [0x0000000081400000, 0x0000000100000000)
  region size 1024K, 20 young (20480K), 8 survivors (8192K)
 Metaspace       used 26781K, capacity 28409K, committed 28544K, reserved 1073152K
  class space    used 4204K, capacity 4879K, committed 4992K, reserved 1048576K
GC Heap History (8 events):
Event: 1.302 GC heap before
{Heap before GC invocations=0 (full 0):
 garbage-first heap   total 131072K, used 13312K [0x0000000081400000, 0x0000000100000000)
  region size 1024K, 13 young (13312K), 0 survivors (0K)
 Metaspace       used 6022K, capacity 8220K, committed 8448K, reserved 1056768K
  class space    used 629K, capacity 915K, committed 1024K, reserved 1048576K
}
Event: 1.306 GC heap after
{Heap after GC invocations=1 (full 0):
 garbage-first heap   total 131072K, used 2590K [0x0000000081400000, 0x0000000100000000)
  region size 1024K, 2 young (2048K), 2 survivors (2048K)
 Metaspace       used 6022K, capacity 8220K, committed 8448K, reserved 1056768K
  class space    used 629K, capacity 915K, committed 1024K, reserved 1048576K
}
Event: 2.057 GC heap before
{Heap before GC invocations=1 (full 0):
 garbage-first heap   total 131072K, used 17950K [0x0000000081400000, 0x0000000100000000)
  region size 1024K, 17 young (17408K), 2 survivors (2048K)
 Metaspace       used 11614K, capacity 13081K, committed 13184K, reserved 1060864K
  class space    used 1028K, capacity 1347K, committed 1408K, reserved 1048576K
}
Event: 2.073 GC heap after
{Heap after GC invocations=2 (full 0):
 garbage-first heap   total 131072K, used 9033K [0x0000000081400000, 0x0000000100000000)
  region size 1024K, 3 young (3072K), 3 survivors (3072K)
 Metaspace       used 11614K, capacity 13081K, committed 13184K, reserved 1060864K
  class space    used 1028K, capacity 1347K, committed 1408K, reserved 1048576K
}
Event: 5.791 GC heap before
{Heap before GC invocations=2 (full 0):
 garbage-first heap   total 131072K, used 47945K [0x0000000081400000, 0x0000000100000000)
  region size 1024K, 38 young (38912K), 3 survivors (3072K)
 Metaspace       used 19678K, capacity 21160K, committed 21248K, reserved 1067008K
  class space    used 2988K, capacity 3522K, committed 3584K, reserved 1048576K
}
Event: 5.807 GC heap after
{Heap after GC invocations=3 (full 0):
 garbage-first heap   total 131072K, used 12835K [0x0000000081400000, 0x0000000100000000)
  region size 1024K, 4 young (4096K), 4 survivors (4096K)
 Metaspace       used 19678K, capacity 21160K, committed 21248K, reserved 1067008K
  class space    used 2988K, capacity 3522K, committed 3584K, reserved 1048576K
}
Event: 6.831 GC heap before
{Heap before GC invocations=4 (full 0):
 garbage-first heap   total 51200K, used 49699K [0x0000000081400000, 0x0000000100000000)
  region size 1024K, 40 young (40960K), 4 survivors (4096K)
 Metaspace       used 25125K, capacity 26861K, committed 27008K, reserved 1071104K
  class space    used 3769K, capacity 4428K, committed 4480K, reserved 1048576K
}
Event: 6.852 GC heap after
{Heap after GC invocations=5 (full 0):
 garbage-first heap   total 59392K, used 16768K [0x0000000081400000, 0x0000000100000000)
  region size 1024K, 8 young (8192K), 8 survivors (8192K)
 Metaspace       used 25125K, capacity 26861K, committed 27008K, reserved 1071104K
  class space    used 3769K, capacity 4428K, committed 4480K, reserved 1048576K
}

