# JRE version: OpenJDK Runtime Environment AdoptOpenJDK (14.0.2+12) (build 14.0.2+12)
# Java VM: OpenJDK 64-Bit Server VM AdoptOpenJDK (14.0.2+12, mixed mode, sharing, tiered, compressed oops, g1 gc, windows-amd64)
Heap:
 garbage-first heap   total 66560K, used 44514K [0x0000000081400000, 0x0000000100000000)
  region size 1024K, 16 young (16384K), 3 survivors (3072K)
 Metaspace       used 31983K, capacity 33804K, committed 33916K, reserved 1077248K
  class space    used 4746K, capacity 5644K, committed 5756K, reserved 1048576K
GC Heap History (14 events):
Event: 1.676 GC heap before
{Heap before GC invocations=0 (full 0):
 garbage-first heap   total 131072K, used 13312K [0x0000000081400000, 0x0000000100000000)
  region size 1024K, 13 young (13312K), 0 survivors (0K)
 Metaspace       used 6037K, capacity 8220K, committed 8448K, reserved 1056768K
  class space    used 629K, capacity 915K, committed 1024K, reserved 1048576K
}
Event: 1.682 GC heap after
{Heap after GC invocations=1 (full 0):
 garbage-first heap   total 131072K, used 2649K [0x0000000081400000, 0x0000000100000000)
  region size 1024K, 2 young (2048K), 2 survivors (2048K)
 Metaspace       used 6037K, capacity 8220K, committed 8448K, reserved 1056768K
  class space    used 629K, capacity 915K, committed 1024K, reserved 1048576K
}
Event: 2.827 GC heap before
{Heap before GC invocations=1 (full 0):
 garbage-first heap   total 131072K, used 18009K [0x0000000081400000, 0x0000000100000000)
  region size 1024K, 17 young (17408K), 2 survivors (2048K)
 Metaspace       used 11614K, capacity 13081K, committed 13184K, reserved 1060864K
  class space    used 1028K, capacity 1347K, committed 1408K, reserved 1048576K
}
Event: 2.848 GC heap after
{Heap after GC invocations=2 (full 0):
 garbage-first heap   total 131072K, used 8854K [0x0000000081400000, 0x0000000100000000)
  region size 1024K, 3 young (3072K), 3 survivors (3072K)
 Metaspace       used 11614K, capacity 13081K, committed 13184K, reserved 1060864K
  class space    used 1028K, capacity 1347K, committed 1408K, reserved 1048576K
}
Event: 6.391 GC heap before
{Heap before GC invocations=2 (full 0):
 garbage-first heap   total 131072K, used 30358K [0x0000000081400000, 0x0000000100000000)
  region size 1024K, 20 young (20480K), 3 survivors (3072K)
 Metaspace       used 14717K, capacity 16119K, committed 16256K, reserved 1062912K
  class space    used 1758K, capacity 2091K, committed 2176K, reserved 1048576K
}
Event: 6.403 GC heap after
{Heap after GC invocations=3 (full 0):
 garbage-first heap   total 131072K, used 11234K [0x0000000081400000, 0x0000000100000000)
  region size 1024K, 2 young (2048K), 2 survivors (2048K)
 Metaspace       used 14717K, capacity 16119K, committed 16256K, reserved 1062912K
  class space    used 1758K, capacity 2091K, committed 2176K, reserved 1048576K
}
Event: 8.374 GC heap before
{Heap before GC invocations=3 (full 0):
 garbage-first heap   total 131072K, used 27618K [0x0000000081400000, 0x0000000100000000)
  region size 1024K, 19 young (19456K), 2 survivors (2048K)
 Metaspace       used 19701K, capacity 21214K, committed 21248K, reserved 1067008K
  class space    used 3023K, capacity 3566K, committed 3584K, reserved 1048576K
}
Event: 8.381 GC heap after
{Heap after GC invocations=4 (full 0):
 garbage-first heap   total 131072K, used 12758K [0x0000000081400000, 0x0000000100000000)
  region size 1024K, 4 young (4096K), 4 survivors (4096K)
 Metaspace       used 19701K, capacity 21214K, committed 21248K, reserved 1067008K
  class space    used 3023K, capacity 3566K, committed 3584K, reserved 1048576K
}
Event: 11.843 GC heap before
{Heap before GC invocations=5 (full 0):
 garbage-first heap   total 51200K, used 49622K [0x0000000081400000, 0x0000000100000000)
  region size 1024K, 38 young (38912K), 4 survivors (4096K)
 Metaspace       used 21953K, capacity 23446K, committed 23676K, reserved 1069056K
  class space    used 3401K, capacity 4082K, committed 4220K, reserved 1048576K
}
Event: 11.892 GC heap after
{Heap after GC invocations=6 (full 0):
 garbage-first heap   total 66560K, used 23592K [0x0000000081400000, 0x0000000100000000)
  region size 1024K, 10 young (10240K), 10 survivors (10240K)
 Metaspace       used 21953K, capacity 23446K, committed 23676K, reserved 1069056K
  class space    used 3401K, capacity 4082K, committed 4220K, reserved 1048576K
}
Event: 13.651 GC heap before
{Heap before GC invocations=6 (full 0):
 garbage-first heap   total 66560K, used 41000K [0x0000000081400000, 0x0000000100000000)
  region size 1024K, 28 young (28672K), 10 survivors (10240K)
 Metaspace       used 25031K, capacity 26323K, committed 26620K, reserved 1071104K
  class space    used 3800K, capacity 4477K, committed 4604K, reserved 1048576K
}
Event: 13.694 GC heap after
{Heap after GC invocations=7 (full 0):
 garbage-first heap   total 66560K, used 27106K [0x0000000081400000, 0x0000000100000000)
  region size 1024K, 4 young (4096K), 4 survivors (4096K)
 Metaspace       used 25031K, capacity 26323K, committed 26620K, reserved 1071104K
  class space    used 3800K, capacity 4477K, committed 4604K, reserved 1048576K
}
Event: 14.701 GC heap before
{Heap before GC invocations=7 (full 0):
 garbage-first heap   total 66560K, used 44514K [0x0000000081400000, 0x0000000100000000)
  region size 1024K, 22 young (22528K), 4 survivors (4096K)
 Metaspace       used 30177K, capacity 31587K, committed 31868K, reserved 1075200K
  class space    used 4423K, capacity 5187K, committed 5244K, reserved 1048576K
}
Event: 14.720 GC heap after
{Heap after GC invocations=8 (full 0):
 garbage-first heap   total 66560K, used 32226K [0x0000000081400000, 0x0000000100000000)
  region size 1024K, 3 young (3072K), 3 survivors (3072K)
 Metaspace       used 30177K, capacity 31587K, committed 31868K, reserved 1075200K
  class space    used 4423K, capacity 5187K, committed 5244K, reserved 1048576K
}

