# JRE version: OpenJDK Runtime Environment AdoptOpenJDK (14.0.2+12) (build 14.0.2+12)
# Java VM: OpenJDK 64-Bit Server VM AdoptOpenJDK (14.0.2+12, mixed mode, sharing, tiered, compressed oops, g1 gc, windows-amd64)
Heap:
 garbage-first heap   total 59392K, used 40869K [0x0000000081400000, 0x0000000100000000)
  region size 1024K, 8 young (8192K), 2 survivors (2048K)
 Metaspace       used 32863K, capacity 35016K, committed 35200K, reserved 1079296K
  class space    used 4793K, capacity 5720K, committed 5760K, reserved 1048576K
GC Heap History (20 events):
Event: 1.462 GC heap before
{Heap before GC invocations=0 (full 0):
 garbage-first heap   total 131072K, used 12288K [0x0000000081400000, 0x0000000100000000)
  region size 1024K, 13 young (13312K), 0 survivors (0K)
 Metaspace       used 3692K, capacity 6816K, committed 7168K, reserved 1056768K
  class space    used 322K, capacity 668K, committed 768K, reserved 1048576K
}
Event: 1.466 GC heap after
{Heap after GC invocations=1 (full 0):
 garbage-first heap   total 131072K, used 2442K [0x0000000081400000, 0x0000000100000000)
  region size 1024K, 2 young (2048K), 2 survivors (2048K)
 Metaspace       used 3692K, capacity 6816K, committed 7168K, reserved 1056768K
  class space    used 322K, capacity 668K, committed 768K, reserved 1048576K
}
Event: 2.016 GC heap before
{Heap before GC invocations=1 (full 0):
 garbage-first heap   total 131072K, used 18826K [0x0000000081400000, 0x0000000100000000)
  region size 1024K, 18 young (18432K), 2 survivors (2048K)
 Metaspace       used 8198K, capacity 10174K, committed 10496K, reserved 1058816K
  class space    used 862K, capacity 1195K, committed 1280K, reserved 1048576K
}
Event: 2.021 GC heap after
{Heap after GC invocations=2 (full 0):
 garbage-first heap   total 131072K, used 4627K [0x0000000081400000, 0x0000000100000000)
  region size 1024K, 1 young (1024K), 1 survivors (1024K)
 Metaspace       used 8198K, capacity 10174K, committed 10496K, reserved 1058816K
  class space    used 862K, capacity 1195K, committed 1280K, reserved 1048576K
}
Event: 6.886 GC heap before
{Heap before GC invocations=2 (full 0):
 garbage-first heap   total 131072K, used 62995K [0x0000000081400000, 0x0000000100000000)
  region size 1024K, 54 young (55296K), 1 survivors (1024K)
 Metaspace       used 19631K, capacity 21007K, committed 21248K, reserved 1067008K
  class space    used 2828K, capacity 3324K, committed 3328K, reserved 1048576K
}
Event: 6.904 GC heap after
{Heap after GC invocations=3 (full 0):
 garbage-first heap   total 131072K, used 12636K [0x0000000081400000, 0x0000000100000000)
  region size 1024K, 9 young (9216K), 9 survivors (9216K)
 Metaspace       used 19631K, capacity 21007K, committed 21248K, reserved 1067008K
  class space    used 2828K, capacity 3324K, committed 3328K, reserved 1048576K
}
Event: 7.871 GC heap before
{Heap before GC invocations=4 (full 0):
 garbage-first heap   total 48128K, used 33116K [0x0000000081400000, 0x0000000100000000)
  region size 1024K, 28 young (28672K), 9 survivors (9216K)
 Metaspace       used 21648K, capacity 23351K, committed 23424K, reserved 1069056K
  class space    used 3304K, capacity 3932K, committed 3968K, reserved 1048576K
}
Event: 7.898 GC heap after
{Heap after GC invocations=5 (full 0):
 garbage-first heap   total 48128K, used 15117K [0x0000000081400000, 0x0000000100000000)
  region size 1024K, 3 young (3072K), 3 survivors (3072K)
 Metaspace       used 21648K, capacity 23351K, committed 23424K, reserved 1069056K
  class space    used 3304K, capacity 3932K, committed 3968K, reserved 1048576K
}
Event: 9.571 GC heap before
{Heap before GC invocations=5 (full 0):
 garbage-first heap   total 48128K, used 35597K [0x0000000081400000, 0x0000000100000000)
  region size 1024K, 22 young (22528K), 3 survivors (3072K)
 Metaspace       used 22637K, capacity 24236K, committed 24320K, reserved 1069056K
  class space    used 3446K, capacity 4094K, committed 4096K, reserved 1048576K
}
Event: 9.630 GC heap after
{Heap after GC invocations=6 (full 0):
 garbage-first heap   total 49152K, used 24088K [0x0000000081400000, 0x0000000100000000)
  region size 1024K, 3 young (3072K), 3 survivors (3072K)
 Metaspace       used 22637K, capacity 24236K, committed 24320K, reserved 1069056K
  class space    used 3446K, capacity 4094K, committed 4096K, reserved 1048576K
}
Event: 10.491 GC heap before
{Heap before GC invocations=6 (full 0):
 garbage-first heap   total 49152K, used 32280K [0x0000000081400000, 0x0000000100000000)
  region size 1024K, 12 young (12288K), 3 survivors (3072K)
 Metaspace       used 22771K, capacity 24384K, committed 24704K, reserved 1069056K
  class space    used 3455K, capacity 4100K, committed 4224K, reserved 1048576K
}
Event: 10.507 GC heap after
{Heap after GC invocations=7 (full 0):
 garbage-first heap   total 49152K, used 26310K [0x0000000081400000, 0x0000000100000000)
  region size 1024K, 2 young (2048K), 2 survivors (2048K)
 Metaspace       used 22771K, capacity 24384K, committed 24704K, reserved 1069056K
  class space    used 3455K, capacity 4100K, committed 4224K, reserved 1048576K
}
Event: 10.884 GC heap before
{Heap before GC invocations=7 (full 0):
 garbage-first heap   total 49152K, used 33478K [0x0000000081400000, 0x0000000100000000)
  region size 1024K, 10 young (10240K), 2 survivors (2048K)
 Metaspace       used 24535K, capacity 26120K, committed 26240K, reserved 1071104K
  class space    used 3714K, capacity 4405K, committed 4480K, reserved 1048576K
}
Event: 10.891 GC heap after
{Heap after GC invocations=8 (full 0):
 garbage-first heap   total 59392K, used 27974K [0x0000000081400000, 0x0000000100000000)
  region size 1024K, 2 young (2048K), 2 survivors (2048K)
 Metaspace       used 24535K, capacity 26120K, committed 26240K, reserved 1071104K
  class space    used 3714K, capacity 4405K, committed 4480K, reserved 1048576K
}
Event: 11.492 GC heap before
{Heap before GC invocations=9 (full 0):
 garbage-first heap   total 59392K, used 42310K [0x0000000081400000, 0x0000000100000000)
  region size 1024K, 16 young (16384K), 2 survivors (2048K)
 Metaspace       used 27697K, capacity 29331K, committed 29568K, reserved 1075200K
  class space    used 4040K, capacity 4733K, committed 4736K, reserved 1048576K
}
Event: 11.503 GC heap after
{Heap after GC invocations=10 (full 0):
 garbage-first heap   total 59392K, used 30583K [0x0000000081400000, 0x0000000100000000)
  region size 1024K, 2 young (2048K), 2 survivors (2048K)
 Metaspace       used 27697K, capacity 29331K, committed 29568K, reserved 1075200K
  class space    used 4040K, capacity 4733K, committed 4736K, reserved 1048576K
}
Event: 12.329 GC heap before
{Heap before GC invocations=10 (full 0):
 garbage-first heap   total 59392K, used 41847K [0x0000000081400000, 0x0000000100000000)
  region size 1024K, 14 young (14336K), 2 survivors (2048K)
 Metaspace       used 30755K, capacity 32467K, committed 32640K, reserved 1077248K
  class space    used 4446K, capacity 5179K, committed 5248K, reserved 1048576K
}
Event: 12.342 GC heap after
{Heap after GC invocations=11 (full 0):
 garbage-first heap   total 59392K, used 32494K [0x0000000081400000, 0x0000000100000000)
  region size 1024K, 2 young (2048K), 2 survivors (2048K)
 Metaspace       used 30755K, capacity 32467K, committed 32640K, reserved 1077248K
  class space    used 4446K, capacity 5179K, committed 5248K, reserved 1048576K
}
Event: 13.891 GC heap before
{Heap before GC invocations=12 (full 0):
 garbage-first heap   total 59392K, used 43758K [0x0000000081400000, 0x0000000100000000)
  region size 1024K, 13 young (13312K), 2 survivors (2048K)
 Metaspace       used 31906K, capacity 33812K, committed 33920K, reserved 1077248K
  class space    used 4662K, capacity 5488K, committed 5504K, reserved 1048576K
}
Event: 13.906 GC heap after
{Heap after GC invocations=13 (full 0):
 garbage-first heap   total 59392K, used 36773K [0x0000000081400000, 0x0000000100000000)
  region size 1024K, 2 young (2048K), 2 survivors (2048K)
 Metaspace       used 31906K, capacity 33812K, committed 33920K, reserved 1077248K
  class space    used 4662K, capacity 5488K, committed 5504K, reserved 1048576K
}

